This is pdfTeX, Version 3.141592653-2.6-1.40.24 (MiKTeX 22.1) (preloaded format=pdflatex 2023.2.11)  11 FEB 2023 23:58
entering extended mode
 restricted \write18 enabled.
 file:line:error style messages enabled.
 %&-line parsing enabled.
**/Users/anjrz23/Code/ECE442/main.tex
(/Users/anjrz23/Code/ECE442/main.tex
LaTeX2e <2022-11-01> patch level 1
L3 programming layer <2023-02-02> (/Users/anjrz23/Library/Application Support/MiKTeX/texmfs/install/tex/latex/base/article.cls
Document Class: article 2022/07/02 v1.4n Standard LaTeX document class
(/Users/anjrz23/Library/Application Support/MiKTeX/texmfs/install/tex/latex/base/size12.clo
File: size12.clo 2022/07/02 v1.4n Standard LaTeX file (size option)
)
\c@part=\count185
\c@section=\count186
\c@subsection=\count187
\c@subsubsection=\count188
\c@paragraph=\count189
\c@subparagraph=\count190
\c@figure=\count191
\c@table=\count192
\abovecaptionskip=\skip48
\belowcaptionskip=\skip49
\bibindent=\dimen140
) (/Users/anjrz23/Library/Application Support/MiKTeX/texmfs/install/tex/latex/enumitem/enumitem.sty
Package: enumitem 2019/06/20 v3.9 Customized lists
\enitkv@toks@=\toks16
\labelindent=\skip50
\enit@outerparindent=\dimen141
\enit@toks=\toks17
\enit@inbox=\box51
\enit@count@id=\count193
\enitdp@description=\count194
) (/Users/anjrz23/Library/Application Support/MiKTeX/texmfs/install/tex/latex/amsmath/amsmath.sty
Package: amsmath 2022/04/08 v2.17n AMS math features
\@mathmargin=\skip51

For additional information on amsmath, use the `?' option.
(/Users/anjrz23/Library/Application Support/MiKTeX/texmfs/install/tex/latex/amsmath/amstext.sty
Package: amstext 2021/08/26 v2.01 AMS text
 (/Users/anjrz23/Library/Application Support/MiKTeX/texmfs/install/tex/latex/amsmath/amsgen.sty
File: amsgen.sty 1999/11/30 v2.0 generic functions
\@emptytoks=\toks18
\ex@=\dimen142
)) (/Users/anjrz23/Library/Application Support/MiKTeX/texmfs/install/tex/latex/amsmath/amsbsy.sty
Package: amsbsy 1999/11/29 v1.2d Bold Symbols
\pmbraise@=\dimen143
) (/Users/anjrz23/Library/Application Support/MiKTeX/texmfs/install/tex/latex/amsmath/amsopn.sty
Package: amsopn 2022/04/08 v2.04 operator names
)
\inf@bad=\count195
LaTeX Info: Redefining \frac on input line 234.
\uproot@=\count196
\leftroot@=\count197
LaTeX Info: Redefining \overline on input line 399.
LaTeX Info: Redefining \colon on input line 410.
\classnum@=\count198
\DOTSCASE@=\count199
LaTeX Info: Redefining \ldots on input line 496.
LaTeX Info: Redefining \dots on input line 499.
LaTeX Info: Redefining \cdots on input line 620.
\Mathstrutbox@=\box52
\strutbox@=\box53
LaTeX Info: Redefining \big on input line 722.
LaTeX Info: Redefining \Big on input line 723.
LaTeX Info: Redefining \bigg on input line 724.
LaTeX Info: Redefining \Bigg on input line 725.
\big@size=\dimen144
LaTeX Font Info:    Redeclaring font encoding OML on input line 743.
LaTeX Font Info:    Redeclaring font encoding OMS on input line 744.
\macc@depth=\count266
LaTeX Info: Redefining \bmod on input line 905.
LaTeX Info: Redefining \pmod on input line 910.
LaTeX Info: Redefining \smash on input line 940.
LaTeX Info: Redefining \relbar on input line 970.
LaTeX Info: Redefining \Relbar on input line 971.
\c@MaxMatrixCols=\count267
\dotsspace@=\muskip16
\c@parentequation=\count268
\dspbrk@lvl=\count269
\tag@help=\toks19
\row@=\count270
\column@=\count271
\maxfields@=\count272
\andhelp@=\toks20
\eqnshift@=\dimen145
\alignsep@=\dimen146
\tagshift@=\dimen147
\tagwidth@=\dimen148
\totwidth@=\dimen149
\lineht@=\dimen150
\@envbody=\toks21
\multlinegap=\skip52
\multlinetaggap=\skip53
\mathdisplay@stack=\toks22
LaTeX Info: Redefining \[ on input line 2953.
LaTeX Info: Redefining \] on input line 2954.
) (/Users/anjrz23/Library/Application Support/MiKTeX/texmfs/install/tex/latex/graphics/graphicx.sty
Package: graphicx 2021/09/16 v1.2d Enhanced LaTeX Graphics (DPC,SPQR)
 (/Users/anjrz23/Library/Application Support/MiKTeX/texmfs/install/tex/latex/graphics/keyval.sty
Package: keyval 2022/05/29 v1.15 key=value parser (DPC)
\KV@toks@=\toks23
) (/Users/anjrz23/Library/Application Support/MiKTeX/texmfs/install/tex/latex/graphics/graphics.sty
Package: graphics 2022/03/10 v1.4e Standard LaTeX Graphics (DPC,SPQR)
 (/Users/anjrz23/Library/Application Support/MiKTeX/texmfs/install/tex/latex/graphics/trig.sty
Package: trig 2021/08/11 v1.11 sin cos tan (DPC)
) (/Users/anjrz23/Library/Application Support/MiKTeX/texmfs/install/tex/latex/graphics-cfg/graphics.cfg
File: graphics.cfg 2016/06/04 v1.11 sample graphics configuration
)
Package graphics Info: Driver file: pdftex.def on input line 107.
 (/Users/anjrz23/Library/Application Support/MiKTeX/texmfs/install/tex/latex/graphics-def/pdftex.def
File: pdftex.def 2022/09/22 v1.2b Graphics/color driver for pdftex
))
\Gin@req@height=\dimen151
\Gin@req@width=\dimen152
) (/Users/anjrz23/Library/Application Support/MiKTeX/texmfs/install/tex/latex/geometry/geometry.sty
Package: geometry 2020/01/02 v5.9 Page Geometry
 (/Users/anjrz23/Library/Application Support/MiKTeX/texmfs/install/tex/generic/iftex/ifvtex.sty
Package: ifvtex 2019/10/25 v1.7 ifvtex legacy package. Use iftex instead.
 (/Users/anjrz23/Library/Application Support/MiKTeX/texmfs/install/tex/generic/iftex/iftex.sty
Package: iftex 2022/02/03 v1.0f TeX engine tests
))
\Gm@cnth=\count273
\Gm@cntv=\count274
\c@Gm@tempcnt=\count275
\Gm@bindingoffset=\dimen153
\Gm@wd@mp=\dimen154
\Gm@odd@mp=\dimen155
\Gm@even@mp=\dimen156
\Gm@layoutwidth=\dimen157
\Gm@layoutheight=\dimen158
\Gm@layouthoffset=\dimen159
\Gm@layoutvoffset=\dimen160
\Gm@dimlist=\toks24
 (/Users/anjrz23/Library/Application Support/MiKTeX/texmfs/install/tex/latex/geometry/geometry.cfg)) (/Users/anjrz23/Library/Application Support/MiKTeX/texmfs/install/tex/latex/l3backend/l3backend-pdftex.def
File: l3backend-pdftex.def 2023-01-16 L3 backend support: PDF output (pdfTeX)
\l__color_backend_stack_int=\count276
\l__pdf_internal_box=\box54
) (main.aux)
\openout1 = `main.aux'.

LaTeX Font Info:    Checking defaults for OML/cmm/m/it on input line 11.
LaTeX Font Info:    ... okay on input line 11.
LaTeX Font Info:    Checking defaults for OMS/cmsy/m/n on input line 11.
LaTeX Font Info:    ... okay on input line 11.
LaTeX Font Info:    Checking defaults for OT1/cmr/m/n on input line 11.
LaTeX Font Info:    ... okay on input line 11.
LaTeX Font Info:    Checking defaults for T1/cmr/m/n on input line 11.
LaTeX Font Info:    ... okay on input line 11.
LaTeX Font Info:    Checking defaults for TS1/cmr/m/n on input line 11.
LaTeX Font Info:    ... okay on input line 11.
LaTeX Font Info:    Checking defaults for OMX/cmex/m/n on input line 11.
LaTeX Font Info:    ... okay on input line 11.
LaTeX Font Info:    Checking defaults for U/cmr/m/n on input line 11.
LaTeX Font Info:    ... okay on input line 11.
 (/Users/anjrz23/Library/Application Support/MiKTeX/texmfs/install/tex/context/base/mkii/supp-pdf.mkii
[Loading MPS to PDF converter (version 2006.09.02).]
\scratchcounter=\count277
\scratchdimen=\dimen161
\scratchbox=\box55
\nofMPsegments=\count278
\nofMParguments=\count279
\everyMPshowfont=\toks25
\MPscratchCnt=\count280
\MPscratchDim=\dimen162
\MPnumerator=\count281
\makeMPintoPDFobject=\count282
\everyMPtoPDFconversion=\toks26
) (/Users/anjrz23/Library/Application Support/MiKTeX/texmfs/install/tex/latex/epstopdf-pkg/epstopdf-base.sty
Package: epstopdf-base 2020-01-24 v2.11 Base part for package epstopdf
Package epstopdf-base Info: Redefining graphics rule for `.eps' on input line 485.
 (/Users/anjrz23/Library/Application Support/MiKTeX/texmfs/install/tex/latex/00miktex/epstopdf-sys.cfg
File: epstopdf-sys.cfg 2021/03/18 v2.0 Configuration of epstopdf for MiKTeX
))
*geometry* driver: auto-detecting
*geometry* detected driver: pdftex
*geometry* verbose mode - [ preamble ] result:
* driver: pdftex
* paper: <default>
* layout: <same size as paper>
* layoutoffset:(h,v)=(0.0pt,0.0pt)
* modes: 
* h-part:(L,W,R)=(72.26999pt, 469.75502pt, 72.26999pt)
* v-part:(T,H,B)=(72.26999pt, 650.43001pt, 72.26999pt)
* \paperwidth=614.295pt
* \paperheight=794.96999pt
* \textwidth=469.75502pt
* \textheight=650.43001pt
* \oddsidemargin=0.0pt
* \evensidemargin=0.0pt
* \topmargin=-37.0pt
* \headheight=12.0pt
* \headsep=25.0pt
* \topskip=12.0pt
* \footskip=30.0pt
* \marginparwidth=44.0pt
* \marginparsep=10.0pt
* \columnsep=10.0pt
* \skip\footins=10.8pt plus 4.0pt minus 2.0pt
* \hoffset=0.0pt
* \voffset=0.0pt
* \mag=1000
* \@twocolumnfalse
* \@twosidefalse
* \@mparswitchfalse
* \@reversemarginfalse
* (1in=72.27pt=25.4mm, 1cm=28.453pt)

<figures/mosfet.png, id=1, 689.57625pt x 820.06375pt>
File: figures/mosfet.png Graphic file (type png)
<use figures/mosfet.png>
Package pdftex.def Info: figures/mosfet.png  used on input line 24.
(pdftex.def)             Requested size: 344.78728pt x 410.03087pt.
[1

{/Users/anjrz23/Library/Application Support/MiKTeX/texmfs/data/fonts/map/pdftex/pdftex.map} <./figures/mosfet.png>]
<figures/mosfet_induced.png, id=10, 556.0775pt x 423.5825pt>
File: figures/mosfet_induced.png Graphic file (type png)
<use figures/mosfet_induced.png>
Package pdftex.def Info: figures/mosfet_induced.png  used on input line 48.
(pdftex.def)             Requested size: 278.03807pt x 211.79073pt.
<figures/small_vds.png, id=11, 586.19pt x 407.5225pt>
File: figures/small_vds.png Graphic file (type png)
<use figures/small_vds.png>
Package pdftex.def Info: figures/small_vds.png  used on input line 81.
(pdftex.def)             Requested size: 293.09428pt x 203.76074pt.
 [2 <./figures/mosfet_induced.png>] [3 <./figures/small_vds.png>]
<figures/mosfet_induced2.png, id=28, 559.08875pt x 414.54875pt>
File: figures/mosfet_induced2.png Graphic file (type png)
<use figures/mosfet_induced2.png>
Package pdftex.def Info: figures/mosfet_induced2.png  used on input line 141.
(pdftex.def)             Requested size: 268.35954pt x 198.98112pt.
<figures/fig5.png, id=29, 563.10374pt x 164.615pt>
File: figures/fig5.png Graphic file (type png)
<use figures/fig5.png>
Package pdftex.def Info: figures/fig5.png  used on input line 145.
(pdftex.def)             Requested size: 225.2375pt x 65.84482pt.
<figures/fig6.png, id=30, 601.24625pt x 362.35374pt>
File: figures/fig6.png Graphic file (type png)
<use figures/fig6.png>
Package pdftex.def Info: figures/fig6.png  used on input line 149.
(pdftex.def)             Requested size: 300.62238pt x 181.17642pt.
 [4 <./figures/mosfet_induced2.png> <./figures/fig5.png>]
<figures/fig7.png, id=37, 558.085pt x 499.8675pt>
File: figures/fig7.png Graphic file (type png)
<use figures/fig7.png>
Package pdftex.def Info: figures/fig7.png  used on input line 179.
(pdftex.def)             Requested size: 334.85359pt x 299.9228pt.
 [5 <./figures/fig6.png>]
<figures/fig13.png, id=42, 696.6025pt x 868.24374pt>
File: figures/fig13.png Graphic file (type png)
<use figures/fig13.png>
Package pdftex.def Info: figures/fig13.png  used on input line 203.
(pdftex.def)             Requested size: 348.3004pt x 434.1208pt.
 [6 <./figures/fig7.png>]
<figures/fig14.png, id=47, 696.6025pt x 482.80376pt>
File: figures/fig14.png Graphic file (type png)
<use figures/fig14.png>
Package pdftex.def Info: figures/fig14.png  used on input line 221.
(pdftex.def)             Requested size: 348.3004pt x 241.40129pt.
 [7 <./figures/fig13.png>]
<figures/fig16.png, id=53, 638.385pt x 258.9675pt>
File: figures/fig16.png Graphic file (type png)
<use figures/fig16.png>
Package pdftex.def Info: figures/fig16.png  used on input line 233.
(pdftex.def)             Requested size: 319.19171pt x 129.48341pt.
<figures/fig18.png, id=54, 875.27pt x 868.24374pt>
File: figures/fig18.png Graphic file (type png)
<use figures/fig18.png>
Package pdftex.def Info: figures/fig18.png  used on input line 244.
(pdftex.def)             Requested size: 437.63393pt x 434.1208pt.
<figures/fig17.png, id=55, 873.2625pt x 847.165pt>
File: figures/fig17.png Graphic file (type png)
<use figures/fig17.png>
Package pdftex.def Info: figures/fig17.png  used on input line 245.
(pdftex.def)             Requested size: 436.63017pt x 423.58145pt.
 [8 <./figures/fig14.png> <./figures/fig16.png>] [9 <./figures/fig18.png>] [10 <./figures/fig17.png>]
<figures/fig8.png, id=69, 440.64626pt x 582.175pt>
File: figures/fig8.png Graphic file (type png)
<use figures/fig8.png>
Package pdftex.def Info: figures/fig8.png  used on input line 267.
(pdftex.def)             Requested size: 264.38979pt x 349.3077pt.
<figures/fig9.png, id=70, 759.83875pt x 324.21124pt>
File: figures/fig9.png Graphic file (type png)
<use figures/fig9.png>
Package pdftex.def Info: figures/fig9.png  used on input line 274.
(pdftex.def)             Requested size: 379.91844pt x 162.10522pt.
 [11 <./figures/fig8.png> <./figures/fig9.png>]
<figures/fig10.png, id=76, 259.97125pt x 323.2075pt>
File: figures/fig10.png Graphic file (type png)
<use figures/fig10.png>
Package pdftex.def Info: figures/fig10.png  used on input line 286.
(pdftex.def)             Requested size: 155.98395pt x 193.926pt.
<figures/fig11.png, id=77, 816.04875pt x 293.095pt>
File: figures/fig11.png Graphic file (type png)
<use figures/fig11.png>
Package pdftex.def Info: figures/fig11.png  used on input line 291.
(pdftex.def)             Requested size: 367.21855pt x 131.89153pt.
 [12 <./figures/fig10.png> <./figures/fig11.png>]
<figures/fig12.png, id=83, 767.86874pt x 282.05376pt>
File: figures/fig12.png Graphic file (type png)
<use figures/fig12.png>
Package pdftex.def Info: figures/fig12.png  used on input line 310.
(pdftex.def)             Requested size: 345.53773pt x 126.923pt.

Underfull \hbox (badness 10000) in paragraph at lines 312--313

 []

<figures/s2.png, id=84, 517.935pt x 398.48875pt>
File: figures/s2.png Graphic file (type png)
<use figures/s2.png>
Package pdftex.def Info: figures/s2.png  used on input line 321.
(pdftex.def)             Requested size: 388.45029pt x 298.86583pt.
[13 <./figures/fig12.png> <./figures/s2.png>]
<figures/fig19.png, id=91, 602.25pt x 612.2875pt>
File: figures/fig19.png Graphic file (type png)
<use figures/fig19.png>
Package pdftex.def Info: figures/fig19.png  used on input line 335.
(pdftex.def)             Requested size: 391.45786pt x 397.98216pt.
 [14 <./figures/fig19.png>]
<figures/s3.png, id=97, 503.8825pt x 389.455pt>
File: figures/s3.png Graphic file (type png)
<use figures/s3.png>
Package pdftex.def Info: figures/s3.png  used on input line 357.
(pdftex.def)             Requested size: 377.91095pt x 292.09053pt.

Overfull \hbox (9.98404pt too wide) in paragraph at lines 357--359
[] \OT1/cmr/m/n/12 * Straight line VTC
 []

[15 <./figures/s3.png>] [16] (main.aux) ) 
Here is how much of TeX's memory you used:
 3070 strings out of 476379
 50698 string characters out of 5779490
 1859346 words of memory out of 5000000
 23436 multiletter control sequences out of 15000+600000
 519324 words of font info for 56 fonts, out of 8000000 for 9000
 1141 hyphenation exceptions out of 8191
 57i,10n,62p,248b,297s stack positions out of 10000i,1000n,20000p,200000b,200000s
 </Users/anjrz23/Library/Application Support/MiKTeX/texmfs/data/fonts/pk/ljfour/jknappen/ec/dpi600/tcrm1200.pk></Users/anjrz23/Library/Application Support/MiKTeX/texmfs/install/fonts/type1/public/amsfonts/cm/cmbx12.pfb></Users/anjrz23/Library/Application Support/MiKTeX/texmfs/install/fonts/type1/public/amsfonts/cm/cmbxti10.pfb></Users/anjrz23/Library/Application Support/MiKTeX/texmfs/install/fonts/type1/public/amsfonts/cm/cmex10.pfb></Users/anjrz23/Library/Application Support/MiKTeX/texmfs/install/fonts/type1/public/amsfonts/cm/cmmi10.pfb></Users/anjrz23/Library/Application Support/MiKTeX/texmfs/install/fonts/type1/public/amsfonts/cm/cmmi12.pfb></Users/anjrz23/Library/Application Support/MiKTeX/texmfs/install/fonts/type1/public/amsfonts/cm/cmmi6.pfb></Users/anjrz23/Library/Application Support/MiKTeX/texmfs/install/fonts/type1/public/amsfonts/cm/cmmi8.pfb></Users/anjrz23/Library/Application Support/MiKTeX/texmfs/install/fonts/type1/public/amsfonts/cm/cmr12.pfb></Users/anjrz23/Library/Application Support/MiKTeX/texmfs/install/fonts/type1/public/amsfonts/cm/cmr8.pfb></Users/anjrz23/Library/Application Support/MiKTeX/texmfs/install/fonts/type1/public/amsfonts/cm/cmsy10.pfb></Users/anjrz23/Library/Application Support/MiKTeX/texmfs/install/fonts/type1/public/amsfonts/cm/cmsy8.pfb></Users/anjrz23/Library/Application Support/MiKTeX/texmfs/install/fonts/type1/public/amsfonts/cm/cmti12.pfb>
Output written on main.pdf (16 pages, 1932874 bytes).
PDF statistics:
 160 PDF objects out of 1000 (max. 8388607)
 0 named destinations out of 1000 (max. 500000)
 101 words of extra memory for PDF output out of 10000 (max. 10000000)

